<?xml version="1.0" encoding="UTF-8"?>
<testng-results ignored="0" total="1" passed="1" failed="0" skipped="0">
  <reporter-output>
  </reporter-output>
  <suite started-at="2021-08-04T13:55:23 IST" name="Suite" finished-at="2021-08-04T13:55:23 IST" duration-ms="65">
    <groups>
    </groups>
    <test started-at="2021-08-04T13:55:23 IST" name="Test" finished-at="2021-08-04T13:55:23 IST" duration-ms="65">
      <class name="com.ty.SeleniumProject.CreateSeleniumProjectTest">
        <test-method signature="createSeleniumProject()[pri:0, instance:com.ty.SeleniumProject.CreateSeleniumProjectTest@59af0466]" started-at="2021-08-04T13:55:23 IST" name="createSeleniumProject" finished-at="2021-08-04T13:55:23 IST" duration-ms="12" status="PASS">
          <reporter-output>
          </reporter-output>
        </test-method> <!-- createSeleniumProject -->
      </class> <!-- com.ty.SeleniumProject.CreateSeleniumProjectTest -->
    </test> <!-- Test -->
  </suite> <!-- Suite -->
</testng-results>
